#
# A fatal error has been detected by the Java Runtime Environment:
#
#  EXCEPTION_ACCESS_VIOLATION (0xc0000005) at pc=0x0000000000000000, pid=19440, tid=9860
#
# JRE version: Java(TM) SE Runtime Environment (11.0.4+10) (build 11.0.4+10-LTS)
# Java VM: Java HotSpot(TM) 64-Bit Server VM (11.0.4+10-LTS, mixed mode, tiered, compressed oops, g1 gc, windows-amd64)
# Problematic frame:
# C  0x0000000000000000
#
# No core dump will be written. Minidumps are not enabled by default on client versions of Windows
#
# If you would like to submit a bug report, please visit:
#   http://bugreport.java.com/bugreport/crash.jsp
# The crash happened outside the Java Virtual Machine in native code.
# See problematic frame for where to report the bug.
#

---------------  S U M M A R Y ------------

Command Line: -agentlib:jdwp=transport=dt_socket,address=127.0.0.1:60229,suspend=y,server=n -XX:TieredStopAtLevel=1 -Xverify:none -Dspring.output.ansi.enabled=always -Dcom.sun.management.jmxremote -Dspring.jmx.enabled=true -Dspring.liveBeansView.mbeanDomain -Dspring.application.admin.enabled=true -javaagent:C:\Users\DELIAC~1\AppData\Local\Temp\groovyHotSwapjars\gragent.jar -javaagent:C:\Users\DELIAC~1\AppData\Local\Temp\captureAgentjars\debugger-agent.jar -Dfile.encoding=UTF-8 startup.Main

Host: Intel(R) Core(TM) i7-7700HQ CPU @ 2.80GHz, 8 cores, 7G,  Windows 10 , 64 bit Build 18362 (10.0.18362.778)
Time: Thu May 14 17:51:43 2020 GTB Daylight Time elapsed time: 137 seconds (0d 0h 2m 17s)

---------------  T H R E A D  ---------------

Current thread (0x0000019f50168800):  JavaThread "http-nio-8080-exec-5" daemon [_thread_in_native, id=9860, stack(0x000000099e100000,0x000000099e200000)]

Stack: [0x000000099e100000,0x000000099e200000],  sp=0x000000099e1fc498,  free space=1009k
Native frames: (J=compiled Java code, j=interpreted, Vv=VM code, C=native code)

Java frames: (J=compiled Java code, j=interpreted, Vv=VM code)
j  org.sqlite.core.NativeDB.prepare_utf8([B)J+0
j  org.sqlite.core.NativeDB.prepare(Ljava/lang/String;)J+5
j  org.sqlite.core.DB.prepare(Lorg/sqlite/core/CoreStatement;)V+36
j  org.sqlite.core.CorePreparedStatement.<init>(Lorg/sqlite/SQLiteConnection;Ljava/lang/String;)V+15
j  org.sqlite.jdbc3.JDBC3PreparedStatement.<init>(Lorg/sqlite/SQLiteConnection;Ljava/lang/String;)V+3
j  org.sqlite.jdbc4.JDBC4PreparedStatement.<init>(Lorg/sqlite/SQLiteConnection;Ljava/lang/String;)V+3
j  org.sqlite.jdbc4.JDBC4Connection.prepareStatement(Ljava/lang/String;III)Ljava/sql/PreparedStatement;+21
j  org.sqlite.jdbc3.JDBC3Connection.prepareStatement(Ljava/lang/String;II)Ljava/sql/PreparedStatement;+5
j  org.sqlite.jdbc3.JDBC3Connection.prepareStatement(Ljava/lang/String;)Ljava/sql/PreparedStatement;+8
j  repository.MeciJdbcRepository.findAll()Ljava/lang/Iterable;+30
j  startup.RESTController.findAll()Lorg/springframework/http/ResponseEntity;+8
v  ~StubRoutines::call_stub
J 2599  jdk.internal.reflect.NativeMethodAccessorImpl.invoke0(Ljava/lang/reflect/Method;Ljava/lang/Object;[Ljava/lang/Object;)Ljava/lang/Object; java.base@11.0.4 (0 bytes) @ 0x0000019f376ee6bf [0x0000019f376ee640+0x000000000000007f]
J 2598 c1 jdk.internal.reflect.NativeMethodAccessorImpl.invoke(Ljava/lang/Object;[Ljava/lang/Object;)Ljava/lang/Object; java.base@11.0.4 (104 bytes) @ 0x0000019f376ef304 [0x0000019f376eef40+0x00000000000003c4]
J 2326 c1 jdk.internal.reflect.DelegatingMethodAccessorImpl.invoke(Ljava/lang/Object;[Ljava/lang/Object;)Ljava/lang/Object; java.base@11.0.4 (10 bytes) @ 0x0000019f3766e61c [0x0000019f3766e5c0+0x000000000000005c]
J 2355 c1 java.lang.reflect.Method.invoke(Ljava/lang/Object;[Ljava/lang/Object;)Ljava/lang/Object; java.base@11.0.4 (65 bytes) @ 0x0000019f3767c8fc [0x0000019f3767c7e0+0x000000000000011c]
j  org.springframework.web.method.support.InvocableHandlerMethod.doInvoke([Ljava/lang/Object;)Ljava/lang/Object;+16
j  org.springframework.web.method.support.InvocableHandlerMethod.invokeForRequest(Lorg/springframework/web/context/request/NativeWebRequest;Lorg/springframework/web/method/support/ModelAndViewContainer;[Ljava/lang/Object;)Ljava/lang/Object;+56
j  org.springframework.web.servlet.mvc.method.annotation.ServletInvocableHandlerMethod.invokeAndHandle(Lorg/springframework/web/context/request/ServletWebRequest;Lorg/springframework/web/method/support/ModelAndViewContainer;[Ljava/lang/Object;)V+4
j  org.springframework.web.servlet.mvc.method.annotation.RequestMappingHandlerAdapter.invokeHandlerMethod(Ljavax/servlet/http/HttpServletRequest;Ljavax/servlet/http/HttpServletResponse;Lorg/springframework/web/method/HandlerMethod;)Lorg/springframework/web/servlet/ModelAndView;+244
j  org.springframework.web.servlet.mvc.method.annotation.RequestMappingHandlerAdapter.handleInternal(Ljavax/servlet/http/HttpServletRequest;Ljavax/servlet/http/HttpServletResponse;Lorg/springframework/web/method/HandlerMethod;)Lorg/springframework/web/servlet/ModelAndView;+81
j  org.springframework.web.servlet.mvc.method.AbstractHandlerMethodAdapter.handle(Ljavax/servlet/http/HttpServletRequest;Ljavax/servlet/http/HttpServletResponse;Ljava/lang/Object;)Lorg/springframework/web/servlet/ModelAndView;+7
j  org.springframework.web.servlet.DispatcherServlet.doDispatch(Ljavax/servlet/http/HttpServletRequest;Ljavax/servlet/http/HttpServletResponse;)V+257
j  org.springframework.web.servlet.DispatcherServlet.doService(Ljavax/servlet/http/HttpServletRequest;Ljavax/servlet/http/HttpServletResponse;)V+212
j  org.springframework.web.servlet.FrameworkServlet.processRequest(Ljavax/servlet/http/HttpServletRequest;Ljavax/servlet/http/HttpServletResponse;)V+71
j  org.springframework.web.servlet.FrameworkServlet.doGet(Ljavax/servlet/http/HttpServletRequest;Ljavax/servlet/http/HttpServletResponse;)V+3
j  javax.servlet.http.HttpServlet.service(Ljavax/servlet/http/HttpServletRequest;Ljavax/servlet/http/HttpServletResponse;)V+35
j  org.springframework.web.servlet.FrameworkServlet.service(Ljavax/servlet/http/HttpServletRequest;Ljavax/servlet/http/HttpServletResponse;)V+33
j  javax.servlet.http.HttpServlet.service(Ljavax/servlet/ServletRequest;Ljavax/servlet/ServletResponse;)V+36
j  org.apache.catalina.core.ApplicationFilterChain.internalDoFilter(Ljavax/servlet/ServletRequest;Ljavax/servlet/ServletResponse;)V+304
j  org.apache.catalina.core.ApplicationFilterChain.doFilter(Ljavax/servlet/ServletRequest;Ljavax/servlet/ServletResponse;)V+101
j  org.apache.tomcat.websocket.server.WsFilter.doFilter(Ljavax/servlet/ServletRequest;Ljavax/servlet/ServletResponse;Ljavax/servlet/FilterChain;)V+21
j  org.apache.catalina.core.ApplicationFilterChain.internalDoFilter(Ljavax/servlet/ServletRequest;Ljavax/servlet/ServletResponse;)V+135
j  org.apache.catalina.core.ApplicationFilterChain.doFilter(Ljavax/servlet/ServletRequest;Ljavax/servlet/ServletResponse;)V+101
j  org.springframework.web.filter.RequestContextFilter.doFilterInternal(Ljavax/servlet/http/HttpServletRequest;Ljavax/servlet/http/HttpServletResponse;Ljavax/servlet/FilterChain;)V+21
j  org.springframework.web.filter.OncePerRequestFilter.doFilter(Ljavax/servlet/ServletRequest;Ljavax/servlet/ServletResponse;Ljavax/servlet/FilterChain;)V+147
j  org.apache.catalina.core.ApplicationFilterChain.internalDoFilter(Ljavax/servlet/ServletRequest;Ljavax/servlet/ServletResponse;)V+135
j  org.apache.catalina.core.ApplicationFilterChain.doFilter(Ljavax/servlet/ServletRequest;Ljavax/servlet/ServletResponse;)V+101
j  org.springframework.web.filter.FormContentFilter.doFilterInternal(Ljavax/servlet/http/HttpServletRequest;Ljavax/servlet/http/HttpServletResponse;Ljavax/servlet/FilterChain;)V+38
j  org.springframework.web.filter.OncePerRequestFilter.doFilter(Ljavax/servlet/ServletRequest;Ljavax/servlet/ServletResponse;Ljavax/servlet/FilterChain;)V+147
j  org.apache.catalina.core.ApplicationFilterChain.internalDoFilter(Ljavax/servlet/ServletRequest;Ljavax/servlet/ServletResponse;)V+135
j  org.apache.catalina.core.ApplicationFilterChain.doFilter(Ljavax/servlet/ServletRequest;Ljavax/servlet/ServletResponse;)V+101
j  org.springframework.web.filter.CharacterEncodingFilter.doFilterInternal(Ljavax/servlet/http/HttpServletRequest;Ljavax/servlet/http/HttpServletResponse;Ljavax/servlet/FilterChain;)V+53
j  org.springframework.web.filter.OncePerRequestFilter.doFilter(Ljavax/servlet/ServletRequest;Ljavax/servlet/ServletResponse;Ljavax/servlet/FilterChain;)V+147
j  org.apache.catalina.core.ApplicationFilterChain.internalDoFilter(Ljavax/servlet/ServletRequest;Ljavax/servlet/ServletResponse;)V+135
j  org.apache.catalina.core.ApplicationFilterChain.doFilter(Ljavax/servlet/ServletRequest;Ljavax/servlet/ServletResponse;)V+101
j  org.apache.catalina.core.StandardWrapperValve.invoke(Lorg/apache/catalina/connector/Request;Lorg/apache/catalina/connector/Response;)V+694
j  org.apache.catalina.core.StandardContextValve.invoke(Lorg/apache/catalina/connector/Request;Lorg/apache/catalina/connector/Response;)V+166
j  org.apache.catalina.authenticator.AuthenticatorBase.invoke(Lorg/apache/catalina/connector/Request;Lorg/apache/catalina/connector/Response;)V+260
j  org.apache.catalina.core.StandardHostValve.invoke(Lorg/apache/catalina/connector/Request;Lorg/apache/catalina/connector/Response;)V+114
j  org.apache.catalina.valves.ErrorReportValve.invoke(Lorg/apache/catalina/connector/Request;Lorg/apache/catalina/connector/Response;)V+6
j  org.apache.catalina.core.StandardEngineValve.invoke(Lorg/apache/catalina/connector/Request;Lorg/apache/catalina/connector/Response;)V+45
j  org.apache.catalina.connector.CoyoteAdapter.service(Lorg/apache/coyote/Request;Lorg/apache/coyote/Response;)V+199
j  org.apache.coyote.http11.Http11Processor.service(Lorg/apache/tomcat/util/net/SocketWrapperBase;)Lorg/apache/tomcat/util/net/AbstractEndpoint$Handler$SocketState;+735
j  org.apache.coyote.AbstractProcessorLight.process(Lorg/apache/tomcat/util/net/SocketWrapperBase;Lorg/apache/tomcat/util/net/SocketEvent;)Lorg/apache/tomcat/util/net/AbstractEndpoint$Handler$SocketState;+170
j  org.apache.coyote.AbstractProtocol$ConnectionHandler.process(Lorg/apache/tomcat/util/net/SocketWrapperBase;Lorg/apache/tomcat/util/net/SocketEvent;)Lorg/apache/tomcat/util/net/AbstractEndpoint$Handler$SocketState;+505
j  org.apache.tomcat.util.net.NioEndpoint$SocketProcessor.doRun()V+221
j  org.apache.tomcat.util.net.SocketProcessorBase.run()V+21
j  java.util.concurrent.ThreadPoolExecutor.runWorker(Ljava/util/concurrent/ThreadPoolExecutor$Worker;)V+92 java.base@11.0.4
j  java.util.concurrent.ThreadPoolExecutor$Worker.run()V+5 java.base@11.0.4
j  org.apache.tomcat.util.threads.TaskThread$WrappingRunnable.run()V+4
j  java.lang.Thread.run()V+11 java.base@11.0.4
v  ~StubRoutines::call_stub

siginfo: EXCEPTION_ACCESS_VIOLATION (0xc0000005), data execution prevention violation at address 0x0000000000000000


Register to memory mapping:

RIP=0x0 is NULL
RAX=0x0000000000000001 is an unknown value
RBX=0x0000019f509b80a8 points into unknown readable memory: c0 74 e4 6c 00 00 00 00
RCX=0x0000019f2c8787f8 points into unknown readable memory: ff ff ff ff ff ff ff ff
RDX=0x0000019f2c8787b0 points into unknown readable memory: 53 45 4c 45 43 54 20 2a
RSP=0x000000099e1fc498 is pointing into the stack for thread: 0x0000019f50168800
RBP=0x0000019f2c8787b0 points into unknown readable memory: 53 45 4c 45 43 54 20 2a
RSI=0x0000019f509b80a8 points into unknown readable memory: c0 74 e4 6c 00 00 00 00
RDI=0x000000099e1fc5c0 is pointing into the stack for thread: 0x0000019f50168800
R8 =0x0000000000000015 is an unknown value
R9 =0x0000000000000001 is an unknown value
R10=
[error occurred during error reporting (printing register info), id 0xc0000005, EXCEPTION_ACCESS_VIOLATION (0xc0000005) at pc=0x00007fff013edba6]

Registers:
RAX=0x0000000000000001, RBX=0x0000019f509b80a8, RCX=0x0000019f2c8787f8, RDX=0x0000019f2c8787b0
RSP=0x000000099e1fc498, RBP=0x0000019f2c8787b0, RSI=0x0000019f509b80a8, RDI=0x000000099e1fc5c0
R8 =0x0000000000000015, R9 =0x0000000000000001, R10=0x0000000086d441a8, R11=0x000000099e1fc4f0
R12=0x0000000000000015, R13=0x0000000000000001, R14=0x000000099e1fc6b0, R15=0x0000019f50168800
RIP=0x0000000000000000, EFLAGS=0x0000000000010202

Top of Stack: (sp=0x000000099e1fc498)
0x000000099e1fc498:   000000000058f5f8 000000099e1fc6a8
0x000000099e1fc4a8:   000000099e1fce80 0000019f50168800
0x000000099e1fc4b8:   000000099e1fc6b0 000000099e1fc6a8
0x000000099e1fc4c8:   0000000000000015 0000019f50168800
0x000000099e1fc4d8:   0000000000000000 0000000000000003
0x000000099e1fc4e8:   0000000000000016 0000019f50168800
0x000000099e1fc4f8:   0000019f50168b40 0000019f509b80a8
0x000000099e1fc508:   000000099e1fc6b0 000000099e1fc6a8
0x000000099e1fc518:   0000000000000000 0000019f51a49a98
0x000000099e1fc528:   000000000058f937 0000019f2c8787b0
0x000000099e1fc538:   00007fff01623256 0000019f50168800
0x000000099e1fc548:   0000019f50168b40 0000000000000000
0x000000099e1fc558:   000000099e1fc5c0 0000000000000000
0x000000099e1fc568:   0000000000000000 0000019f51a49a98
0x000000099e1fc578:   00000000004f243f 0000019f50168b40
0x000000099e1fc588:   000000099e1fc6a8 0000000000000015 

Instructions: (pc=0x0000000000000000)
0xffffffffffffffe0:   


Stack slot to memory mapping:
stack at sp + 0 slots: 0x000000000058f5f8 sqlite-3.16.1-fb2904e6-dd70-4709-a62e-e0fbe23aa43e-sqlitejdbc.dll
stack at sp + 1 slots: 0x000000099e1fc6a8 is pointing into the stack for thread: 0x0000019f50168800
stack at sp + 2 slots: 0x000000099e1fce80 is pointing into the stack for thread: 0x0000019f50168800
stack at sp + 3 slots: 0x0000019f50168800 is a thread
stack at sp + 4 slots: 0x000000099e1fc6b0 is pointing into the stack for thread: 0x0000019f50168800
stack at sp + 5 slots: 0x000000099e1fc6a8 is pointing into the stack for thread: 0x0000019f50168800
stack at sp + 6 slots: 0x0000000000000015 is an unknown value
stack at sp + 7 slots: 0x0000019f50168800 is a thread


---------------  P R O C E S S  ---------------

Threads class SMR info:
_java_thread_list=0x0000019f50042ad0, length=31, elements={
0x0000019f4d44c800, 0x0000019f4d459800, 0x0000019f4dda7800, 0x0000019f4dda8800,
0x0000019f4ddab800, 0x0000019f4ddb6000, 0x0000019f4defa000, 0x0000019f4df5e000,
0x0000019f4df73000, 0x0000019f4df74000, 0x0000019f4e15c000, 0x0000019f4e481000,
0x0000019f4f894000, 0x0000019f4f82d000, 0x0000019f4ffb6800, 0x0000019f4fed2800,
0x0000019f4fce6800, 0x0000019f500dc800, 0x0000019f5010b800, 0x0000019f5016e000,
0x0000019f50169000, 0x0000019f5016a800, 0x0000019f50168800, 0x0000019f5016f000,
0x0000019f5016a000, 0x0000019f5016b800, 0x0000019f5016c800, 0x0000019f5016d000,
0x0000019f50184000, 0x0000019f50186800, 0x0000019f50189000
}

Java Threads: ( => current thread )
  0x0000019f4d44c800 JavaThread "Reference Handler" daemon [_thread_blocked, id=24964, stack(0x000000099bf00000,0x000000099c000000)]
  0x0000019f4d459800 JavaThread "Finalizer" daemon [_thread_blocked, id=20936, stack(0x000000099c000000,0x000000099c100000)]
  0x0000019f4dda7800 JavaThread "Signal Dispatcher" daemon [_thread_blocked, id=5116, stack(0x000000099c100000,0x000000099c200000)]
  0x0000019f4dda8800 JavaThread "Attach Listener" daemon [_thread_blocked, id=20892, stack(0x000000099c200000,0x000000099c300000)]
  0x0000019f4ddab800 JavaThread "C1 CompilerThread0" daemon [_thread_blocked, id=18624, stack(0x000000099c300000,0x000000099c400000)]
  0x0000019f4ddb6000 JavaThread "Sweeper thread" daemon [_thread_blocked, id=24720, stack(0x000000099c400000,0x000000099c500000)]
  0x0000019f4defa000 JavaThread "Common-Cleaner" daemon [_thread_blocked, id=4740, stack(0x000000099c500000,0x000000099c600000)]
  0x0000019f4df5e000 JavaThread "JDWP Transport Listener: dt_socket" daemon [_thread_blocked, id=17588, stack(0x000000099c700000,0x000000099c800000)]
  0x0000019f4df73000 JavaThread "JDWP Event Helper Thread" daemon [_thread_blocked, id=13928, stack(0x000000099c800000,0x000000099c900000)]
  0x0000019f4df74000 JavaThread "JDWP Command Reader" daemon [_thread_in_native, id=23488, stack(0x000000099c900000,0x000000099ca00000)]
  0x0000019f4e15c000 JavaThread "Service Thread" daemon [_thread_blocked, id=5200, stack(0x000000099ca00000,0x000000099cb00000)]
  0x0000019f4e481000 JavaThread "RMI TCP Accept-0" daemon [_thread_in_native, id=16960, stack(0x000000099cb00000,0x000000099cc00000)]
  0x0000019f4f894000 JavaThread "RMI TCP Connection(idle)" daemon [_thread_blocked, id=22856, stack(0x000000099d400000,0x000000099d500000)]
  0x0000019f4f82d000 JavaThread "RMI Scheduler(0)" daemon [_thread_blocked, id=22300, stack(0x000000099d500000,0x000000099d600000)]
  0x0000019f4ffb6800 JavaThread "Catalina-utility-1" [_thread_blocked, id=20184, stack(0x000000099d600000,0x000000099d700000)]
  0x0000019f4fed2800 JavaThread "Catalina-utility-2" [_thread_blocked, id=5144, stack(0x000000099d700000,0x000000099d800000)]
  0x0000019f4fce6800 JavaThread "container-0" [_thread_blocked, id=26436, stack(0x000000099d100000,0x000000099d200000)]
  0x0000019f500dc800 JavaThread "http-nio-8080-BlockPoller" daemon [_thread_in_native, id=26132, stack(0x000000099dc00000,0x000000099dd00000)]
  0x0000019f5010b800 JavaThread "http-nio-8080-exec-1" daemon [_thread_blocked, id=8776, stack(0x000000099dd00000,0x000000099de00000)]
  0x0000019f5016e000 JavaThread "http-nio-8080-exec-2" daemon [_thread_blocked, id=23824, stack(0x000000099de00000,0x000000099df00000)]
  0x0000019f50169000 JavaThread "http-nio-8080-exec-3" daemon [_thread_blocked, id=25344, stack(0x000000099df00000,0x000000099e000000)]
  0x0000019f5016a800 JavaThread "http-nio-8080-exec-4" daemon [_thread_blocked, id=14792, stack(0x000000099e000000,0x000000099e100000)]
=>0x0000019f50168800 JavaThread "http-nio-8080-exec-5" daemon [_thread_in_native, id=9860, stack(0x000000099e100000,0x000000099e200000)]
  0x0000019f5016f000 JavaThread "http-nio-8080-exec-6" daemon [_thread_blocked, id=12384, stack(0x000000099e200000,0x000000099e300000)]
  0x0000019f5016a000 JavaThread "http-nio-8080-exec-7" daemon [_thread_blocked, id=24856, stack(0x000000099e300000,0x000000099e400000)]
  0x0000019f5016b800 JavaThread "http-nio-8080-exec-8" daemon [_thread_blocked, id=25568, stack(0x000000099e400000,0x000000099e500000)]
  0x0000019f5016c800 JavaThread "http-nio-8080-exec-9" daemon [_thread_blocked, id=26552, stack(0x000000099e500000,0x000000099e600000)]
  0x0000019f5016d000 JavaThread "http-nio-8080-exec-10" daemon [_thread_blocked, id=26060, stack(0x000000099e600000,0x000000099e700000)]
  0x0000019f50184000 JavaThread "http-nio-8080-ClientPoller" daemon [_thread_in_native, id=1432, stack(0x000000099e700000,0x000000099e800000)]
  0x0000019f50186800 JavaThread "http-nio-8080-Acceptor" daemon [_thread_in_native, id=11336, stack(0x000000099e800000,0x000000099e900000)]
  0x0000019f50189000 JavaThread "DestroyJavaVM" [_thread_blocked, id=24100, stack(0x000000099b800000,0x000000099b900000)]

Other Threads:
  0x0000019f4d428000 VMThread "VM Thread" [stack: 0x000000099be00000,0x000000099bf00000] [id=7368]
  0x0000019f4e477800 WatcherThread [stack: 0x000000099cc00000,0x000000099cd00000] [id=16700]
  0x0000019f2e873000 GCTaskThread "GC Thread#0" [stack: 0x000000099b900000,0x000000099ba00000] [id=8088]
  0x0000019f4e7a4000 GCTaskThread "GC Thread#1" [stack: 0x000000099cd00000,0x000000099ce00000] [id=24208]
  0x0000019f4e7a5000 GCTaskThread "GC Thread#2" [stack: 0x000000099ce00000,0x000000099cf00000] [id=16540]
  0x0000019f4f80c800 GCTaskThread "GC Thread#3" [stack: 0x000000099d200000,0x000000099d300000] [id=24344]
  0x0000019f4ff0b800 GCTaskThread "GC Thread#4" [stack: 0x000000099d800000,0x000000099d900000] [id=25408]
  0x0000019f4ffea800 GCTaskThread "GC Thread#5" [stack: 0x000000099d900000,0x000000099da00000] [id=3968]
  0x0000019f4ffeb000 GCTaskThread "GC Thread#6" [stack: 0x000000099da00000,0x000000099db00000] [id=2684]
  0x0000019f4ffec000 GCTaskThread "GC Thread#7" [stack: 0x000000099db00000,0x000000099dc00000] [id=24732]
  0x0000019f2e8a4000 ConcurrentGCThread "G1 Main Marker" [stack: 0x000000099ba00000,0x000000099bb00000] [id=17732]
  0x0000019f2e8a6800 ConcurrentGCThread "G1 Conc#0" [stack: 0x000000099bb00000,0x000000099bc00000] [id=24904]
  0x0000019f4e7ae000 ConcurrentGCThread "G1 Conc#1" [stack: 0x000000099d300000,0x000000099d400000] [id=21844]
  0x0000019f4d28e800 ConcurrentGCThread "G1 Refine#0" [stack: 0x000000099bc00000,0x000000099bd00000] [id=24952]
  0x0000019f4d28f000 ConcurrentGCThread "G1 Young RemSet Sampling" [stack: 0x000000099bd00000,0x000000099be00000] [id=7620]

Threads with active compile tasks:

VM state:not at safepoint (normal execution)

VM Mutex/Monitor currently owned by a thread: None

Heap address: 0x0000000081c00000, size: 2020 MB, Compressed Oops mode: 32-bit
Narrow klass base: 0x0000000000000000, Narrow klass shift: 3
Compressed class space size: 1073741824 Address: 0x0000000100000000

Heap:
 garbage-first heap   total 131072K, used 58766K [0x0000000081c00000, 0x0000000100000000)
  region size 1024K, 55 young (56320K), 8 survivors (8192K)
 Metaspace       used 40953K, capacity 42262K, committed 42416K, reserved 1085440K
  class space    used 5012K, capacity 5532K, committed 5632K, reserved 1048576K
Heap Regions: E=young(eden), S=young(survivor), O=old, HS=humongous(starts), HC=humongous(continues), CS=collection set, F=free, A=archive, TAMS=top-at-mark-start (previous, next)
|   0|0x0000000081c00000, 0x0000000081d00000, 0x0000000081d00000|100%| O|  |TAMS 0x0000000081d00000, 0x0000000081c00000| Untracked 
|   1|0x0000000081d00000, 0x0000000081e00000, 0x0000000081e00000|100%| O|  |TAMS 0x0000000081e00000, 0x0000000081d00000| Untracked 
|   2|0x0000000081e00000, 0x0000000081f00000, 0x0000000081f00000|100%| O|  |TAMS 0x0000000081f00000, 0x0000000081e00000| Untracked 
|   3|0x0000000081f00000, 0x0000000081ff8400, 0x0000000082000000| 96%| O|  |TAMS 0x0000000081ff8400, 0x0000000081f00000| Untracked 
|   4|0x0000000082000000, 0x0000000082000000, 0x0000000082100000|  0%| F|  |TAMS 0x0000000082000000, 0x0000000082000000| Untracked 
|   5|0x0000000082100000, 0x0000000082100000, 0x0000000082200000|  0%| F|  |TAMS 0x0000000082100000, 0x0000000082100000| Untracked 
|   6|0x0000000082200000, 0x0000000082200000, 0x0000000082300000|  0%| F|  |TAMS 0x0000000082200000, 0x0000000082200000| Untracked 
|   7|0x0000000082300000, 0x0000000082300000, 0x0000000082400000|  0%| F|  |TAMS 0x0000000082300000, 0x0000000082300000| Untracked 
|   8|0x0000000082400000, 0x0000000082400000, 0x0000000082500000|  0%| F|  |TAMS 0x0000000082400000, 0x0000000082400000| Untracked 
|   9|0x0000000082500000, 0x0000000082500000, 0x0000000082600000|  0%| F|  |TAMS 0x0000000082500000, 0x0000000082500000| Untracked 
|  10|0x0000000082600000, 0x0000000082600000, 0x0000000082700000|  0%| F|  |TAMS 0x0000000082600000, 0x0000000082600000| Untracked 
|  11|0x0000000082700000, 0x0000000082700000, 0x0000000082800000|  0%| F|  |TAMS 0x0000000082700000, 0x0000000082700000| Untracked 
|  12|0x0000000082800000, 0x0000000082800000, 0x0000000082900000|  0%| F|  |TAMS 0x0000000082800000, 0x0000000082800000| Untracked 
|  13|0x0000000082900000, 0x0000000082900000, 0x0000000082a00000|  0%| F|  |TAMS 0x0000000082900000, 0x0000000082900000| Untracked 
|  14|0x0000000082a00000, 0x0000000082a00000, 0x0000000082b00000|  0%| F|  |TAMS 0x0000000082a00000, 0x0000000082a00000| Untracked 
|  15|0x0000000082b00000, 0x0000000082b00000, 0x0000000082c00000|  0%| F|  |TAMS 0x0000000082b00000, 0x0000000082b00000| Untracked 
|  16|0x0000000082c00000, 0x0000000082c00000, 0x0000000082d00000|  0%| F|  |TAMS 0x0000000082c00000, 0x0000000082c00000| Untracked 
|  17|0x0000000082d00000, 0x0000000082d00000, 0x0000000082e00000|  0%| F|  |TAMS 0x0000000082d00000, 0x0000000082d00000| Untracked 
|  18|0x0000000082e00000, 0x0000000082e00000, 0x0000000082f00000|  0%| F|  |TAMS 0x0000000082e00000, 0x0000000082e00000| Untracked 
|  19|0x0000000082f00000, 0x0000000082f00000, 0x0000000083000000|  0%| F|  |TAMS 0x0000000082f00000, 0x0000000082f00000| Untracked 
|  20|0x0000000083000000, 0x0000000083000000, 0x0000000083100000|  0%| F|  |TAMS 0x0000000083000000, 0x0000000083000000| Untracked 
|  21|0x0000000083100000, 0x0000000083100000, 0x0000000083200000|  0%| F|  |TAMS 0x0000000083100000, 0x0000000083100000| Untracked 
|  22|0x0000000083200000, 0x0000000083200000, 0x0000000083300000|  0%| F|  |TAMS 0x0000000083200000, 0x0000000083200000| Untracked 
|  23|0x0000000083300000, 0x0000000083300000, 0x0000000083400000|  0%| F|  |TAMS 0x0000000083300000, 0x0000000083300000| Untracked 
|  24|0x0000000083400000, 0x0000000083400000, 0x0000000083500000|  0%| F|  |TAMS 0x0000000083400000, 0x0000000083400000| Untracked 
|  25|0x0000000083500000, 0x0000000083500000, 0x0000000083600000|  0%| F|  |TAMS 0x0000000083500000, 0x0000000083500000| Untracked 
|  26|0x0000000083600000, 0x0000000083600000, 0x0000000083700000|  0%| F|  |TAMS 0x0000000083600000, 0x0000000083600000| Untracked 
|  27|0x0000000083700000, 0x0000000083700000, 0x0000000083800000|  0%| F|  |TAMS 0x0000000083700000, 0x0000000083700000| Untracked 
|  28|0x0000000083800000, 0x0000000083800000, 0x0000000083900000|  0%| F|  |TAMS 0x0000000083800000, 0x0000000083800000| Untracked 
|  29|0x0000000083900000, 0x0000000083900000, 0x0000000083a00000|  0%| F|  |TAMS 0x0000000083900000, 0x0000000083900000| Untracked 
|  30|0x0000000083a00000, 0x0000000083a00000, 0x0000000083b00000|  0%| F|  |TAMS 0x0000000083a00000, 0x0000000083a00000| Untracked 
|  31|0x0000000083b00000, 0x0000000083b00000, 0x0000000083c00000|  0%| F|  |TAMS 0x0000000083b00000, 0x0000000083b00000| Untracked 
|  32|0x0000000083c00000, 0x0000000083c00000, 0x0000000083d00000|  0%| F|  |TAMS 0x0000000083c00000, 0x0000000083c00000| Untracked 
|  33|0x0000000083d00000, 0x0000000083d00000, 0x0000000083e00000|  0%| F|  |TAMS 0x0000000083d00000, 0x0000000083d00000| Untracked 
|  34|0x0000000083e00000, 0x0000000083e00000, 0x0000000083f00000|  0%| F|  |TAMS 0x0000000083e00000, 0x0000000083e00000| Untracked 
|  35|0x0000000083f00000, 0x0000000083f00000, 0x0000000084000000|  0%| F|  |TAMS 0x0000000083f00000, 0x0000000083f00000| Untracked 
|  36|0x0000000084000000, 0x0000000084000000, 0x0000000084100000|  0%| F|  |TAMS 0x0000000084000000, 0x0000000084000000| Untracked 
|  37|0x0000000084100000, 0x0000000084100000, 0x0000000084200000|  0%| F|  |TAMS 0x0000000084100000, 0x0000000084100000| Untracked 
|  38|0x0000000084200000, 0x0000000084200000, 0x0000000084300000|  0%| F|  |TAMS 0x0000000084200000, 0x0000000084200000| Untracked 
|  39|0x0000000084300000, 0x0000000084300000, 0x0000000084400000|  0%| F|  |TAMS 0x0000000084300000, 0x0000000084300000| Untracked 
|  40|0x0000000084400000, 0x0000000084400000, 0x0000000084500000|  0%| F|  |TAMS 0x0000000084400000, 0x0000000084400000| Untracked 
|  41|0x0000000084500000, 0x0000000084500000, 0x0000000084600000|  0%| F|  |TAMS 0x0000000084500000, 0x0000000084500000| Untracked 
|  42|0x0000000084600000, 0x0000000084600000, 0x0000000084700000|  0%| F|  |TAMS 0x0000000084600000, 0x0000000084600000| Untracked 
|  43|0x0000000084700000, 0x0000000084700000, 0x0000000084800000|  0%| F|  |TAMS 0x0000000084700000, 0x0000000084700000| Untracked 
|  44|0x0000000084800000, 0x0000000084800000, 0x0000000084900000|  0%| F|  |TAMS 0x0000000084800000, 0x0000000084800000| Untracked 
|  45|0x0000000084900000, 0x0000000084900000, 0x0000000084a00000|  0%| F|  |TAMS 0x0000000084900000, 0x0000000084900000| Untracked 
|  46|0x0000000084a00000, 0x0000000084a00000, 0x0000000084b00000|  0%| F|  |TAMS 0x0000000084a00000, 0x0000000084a00000| Untracked 
|  47|0x0000000084b00000, 0x0000000084b00000, 0x0000000084c00000|  0%| F|  |TAMS 0x0000000084b00000, 0x0000000084b00000| Untracked 
|  48|0x0000000084c00000, 0x0000000084c00000, 0x0000000084d00000|  0%| F|  |TAMS 0x0000000084c00000, 0x0000000084c00000| Untracked 
|  49|0x0000000084d00000, 0x0000000084d00000, 0x0000000084e00000|  0%| F|  |TAMS 0x0000000084d00000, 0x0000000084d00000| Untracked 
|  50|0x0000000084e00000, 0x0000000084e00000, 0x0000000084f00000|  0%| F|  |TAMS 0x0000000084e00000, 0x0000000084e00000| Untracked 
|  51|0x0000000084f00000, 0x0000000084f00000, 0x0000000085000000|  0%| F|  |TAMS 0x0000000084f00000, 0x0000000084f00000| Untracked 
|  52|0x0000000085000000, 0x0000000085000000, 0x0000000085100000|  0%| F|  |TAMS 0x0000000085000000, 0x0000000085000000| Untracked 
|  53|0x0000000085100000, 0x0000000085100000, 0x0000000085200000|  0%| F|  |TAMS 0x0000000085100000, 0x0000000085100000| Untracked 
|  54|0x0000000085200000, 0x0000000085200000, 0x0000000085300000|  0%| F|  |TAMS 0x0000000085200000, 0x0000000085200000| Untracked 
|  55|0x0000000085300000, 0x0000000085300000, 0x0000000085400000|  0%| F|  |TAMS 0x0000000085300000, 0x0000000085300000| Untracked 
|  56|0x0000000085400000, 0x0000000085400000, 0x0000000085500000|  0%| F|  |TAMS 0x0000000085400000, 0x0000000085400000| Untracked 
|  57|0x0000000085500000, 0x0000000085500000, 0x0000000085600000|  0%| F|  |TAMS 0x0000000085500000, 0x0000000085500000| Untracked 
|  58|0x0000000085600000, 0x0000000085600000, 0x0000000085700000|  0%| F|  |TAMS 0x0000000085600000, 0x0000000085600000| Untracked 
|  59|0x0000000085700000, 0x0000000085700000, 0x0000000085800000|  0%| F|  |TAMS 0x0000000085700000, 0x0000000085700000| Untracked 
|  60|0x0000000085800000, 0x0000000085800000, 0x0000000085900000|  0%| F|  |TAMS 0x0000000085800000, 0x0000000085800000| Untracked 
|  61|0x0000000085900000, 0x000000008596b420, 0x0000000085a00000| 41%| S|CS|TAMS 0x0000000085900000, 0x0000000085900000| Complete 
|  62|0x0000000085a00000, 0x0000000085b00000, 0x0000000085b00000|100%| S|CS|TAMS 0x0000000085a00000, 0x0000000085a00000| Complete 
|  63|0x0000000085b00000, 0x0000000085c00000, 0x0000000085c00000|100%| S|CS|TAMS 0x0000000085b00000, 0x0000000085b00000| Complete 
|  64|0x0000000085c00000, 0x0000000085d00000, 0x0000000085d00000|100%| S|CS|TAMS 0x0000000085c00000, 0x0000000085c00000| Complete 
|  65|0x0000000085d00000, 0x0000000085e00000, 0x0000000085e00000|100%| S|CS|TAMS 0x0000000085d00000, 0x0000000085d00000| Complete 
|  66|0x0000000085e00000, 0x0000000085f00000, 0x0000000085f00000|100%| S|CS|TAMS 0x0000000085e00000, 0x0000000085e00000| Complete 
|  67|0x0000000085f00000, 0x0000000086000000, 0x0000000086000000|100%| S|CS|TAMS 0x0000000085f00000, 0x0000000085f00000| Complete 
|  68|0x0000000086000000, 0x0000000086100000, 0x0000000086100000|100%| S|CS|TAMS 0x0000000086000000, 0x0000000086000000| Complete 
|  69|0x0000000086100000, 0x0000000086100000, 0x0000000086200000|  0%| F|  |TAMS 0x0000000086100000, 0x0000000086100000| Untracked 
|  70|0x0000000086200000, 0x0000000086200000, 0x0000000086300000|  0%| F|  |TAMS 0x0000000086200000, 0x0000000086200000| Untracked 
|  71|0x0000000086300000, 0x0000000086300000, 0x0000000086400000|  0%| F|  |TAMS 0x0000000086300000, 0x0000000086300000| Untracked 
|  72|0x0000000086400000, 0x0000000086400000, 0x0000000086500000|  0%| F|  |TAMS 0x0000000086400000, 0x0000000086400000| Untracked 
|  73|0x0000000086500000, 0x0000000086500000, 0x0000000086600000|  0%| F|  |TAMS 0x0000000086500000, 0x0000000086500000| Untracked 
|  74|0x0000000086600000, 0x0000000086600000, 0x0000000086700000|  0%| F|  |TAMS 0x0000000086600000, 0x0000000086600000| Untracked 
|  75|0x0000000086700000, 0x0000000086700000, 0x0000000086800000|  0%| F|  |TAMS 0x0000000086700000, 0x0000000086700000| Untracked 
|  76|0x0000000086800000, 0x0000000086800000, 0x0000000086900000|  0%| F|  |TAMS 0x0000000086800000, 0x0000000086800000| Untracked 
|  77|0x0000000086900000, 0x0000000086900000, 0x0000000086a00000|  0%| F|  |TAMS 0x0000000086900000, 0x0000000086900000| Untracked 
|  78|0x0000000086a00000, 0x0000000086a00000, 0x0000000086b00000|  0%| F|  |TAMS 0x0000000086a00000, 0x0000000086a00000| Untracked 
|  79|0x0000000086b00000, 0x0000000086b00000, 0x0000000086c00000|  0%| F|  |TAMS 0x0000000086b00000, 0x0000000086b00000| Untracked 
|  80|0x0000000086c00000, 0x0000000086c00000, 0x0000000086d00000|  0%| F|  |TAMS 0x0000000086c00000, 0x0000000086c00000| Untracked 
|  81|0x0000000086d00000, 0x0000000086d6e220, 0x0000000086e00000| 43%| E|  |TAMS 0x0000000086d00000, 0x0000000086d00000| Complete 
|  82|0x0000000086e00000, 0x0000000086f00000, 0x0000000086f00000|100%| E|CS|TAMS 0x0000000086e00000, 0x0000000086e00000| Complete 
|  83|0x0000000086f00000, 0x0000000087000000, 0x0000000087000000|100%| E|CS|TAMS 0x0000000086f00000, 0x0000000086f00000| Complete 
|  84|0x0000000087000000, 0x0000000087100000, 0x0000000087100000|100%| E|CS|TAMS 0x0000000087000000, 0x0000000087000000| Complete 
|  85|0x0000000087100000, 0x0000000087200000, 0x0000000087200000|100%| E|CS|TAMS 0x0000000087100000, 0x0000000087100000| Complete 
|  86|0x0000000087200000, 0x0000000087300000, 0x0000000087300000|100%| E|CS|TAMS 0x0000000087200000, 0x0000000087200000| Complete 
|  87|0x0000000087300000, 0x0000000087400000, 0x0000000087400000|100%| E|CS|TAMS 0x0000000087300000, 0x0000000087300000| Complete 
|  88|0x0000000087400000, 0x0000000087500000, 0x0000000087500000|100%| E|CS|TAMS 0x0000000087400000, 0x0000000087400000| Complete 
|  89|0x0000000087500000, 0x0000000087600000, 0x0000000087600000|100%| E|CS|TAMS 0x0000000087500000, 0x0000000087500000| Complete 
|  90|0x0000000087600000, 0x0000000087700000, 0x0000000087700000|100%| E|CS|TAMS 0x0000000087600000, 0x0000000087600000| Complete 
|  91|0x0000000087700000, 0x0000000087800000, 0x0000000087800000|100%| E|CS|TAMS 0x0000000087700000, 0x0000000087700000| Complete 
|  92|0x0000000087800000, 0x0000000087900000, 0x0000000087900000|100%| E|CS|TAMS 0x0000000087800000, 0x0000000087800000| Complete 
|  93|0x0000000087900000, 0x0000000087a00000, 0x0000000087a00000|100%| E|CS|TAMS 0x0000000087900000, 0x0000000087900000| Complete 
|  94|0x0000000087a00000, 0x0000000087b00000, 0x0000000087b00000|100%| E|CS|TAMS 0x0000000087a00000, 0x0000000087a00000| Complete 
|  95|0x0000000087b00000, 0x0000000087c00000, 0x0000000087c00000|100%| E|CS|TAMS 0x0000000087b00000, 0x0000000087b00000| Complete 
|  96|0x0000000087c00000, 0x0000000087d00000, 0x0000000087d00000|100%| E|CS|TAMS 0x0000000087c00000, 0x0000000087c00000| Complete 
|  97|0x0000000087d00000, 0x0000000087e00000, 0x0000000087e00000|100%| E|CS|TAMS 0x0000000087d00000, 0x0000000087d00000| Complete 
|  98|0x0000000087e00000, 0x0000000087f00000, 0x0000000087f00000|100%| E|CS|TAMS 0x0000000087e00000, 0x0000000087e00000| Complete 
|  99|0x0000000087f00000, 0x0000000088000000, 0x0000000088000000|100%| E|CS|TAMS 0x0000000087f00000, 0x0000000087f00000| Complete 
| 100|0x0000000088000000, 0x0000000088100000, 0x0000000088100000|100%| E|CS|TAMS 0x0000000088000000, 0x0000000088000000| Complete 
| 101|0x0000000088100000, 0x0000000088200000, 0x0000000088200000|100%| E|CS|TAMS 0x0000000088100000, 0x0000000088100000| Complete 
| 102|0x0000000088200000, 0x0000000088300000, 0x0000000088300000|100%| E|CS|TAMS 0x0000000088200000, 0x0000000088200000| Complete 
| 103|0x0000000088300000, 0x0000000088400000, 0x0000000088400000|100%| E|CS|TAMS 0x0000000088300000, 0x0000000088300000| Complete 
| 104|0x0000000088400000, 0x0000000088500000, 0x0000000088500000|100%| E|CS|TAMS 0x0000000088400000, 0x0000000088400000| Complete 
| 105|0x0000000088500000, 0x0000000088600000, 0x0000000088600000|100%| E|CS|TAMS 0x0000000088500000, 0x0000000088500000| Complete 
| 106|0x0000000088600000, 0x0000000088700000, 0x0000000088700000|100%| E|CS|TAMS 0x0000000088600000, 0x0000000088600000| Complete 
| 107|0x0000000088700000, 0x0000000088800000, 0x0000000088800000|100%| E|CS|TAMS 0x0000000088700000, 0x0000000088700000| Complete 
| 108|0x0000000088800000, 0x0000000088900000, 0x0000000088900000|100%| E|CS|TAMS 0x0000000088800000, 0x0000000088800000| Complete 
| 109|0x0000000088900000, 0x0000000088a00000, 0x0000000088a00000|100%| E|CS|TAMS 0x0000000088900000, 0x0000000088900000| Complete 
| 110|0x0000000088a00000, 0x0000000088b00000, 0x0000000088b00000|100%| E|CS|TAMS 0x0000000088a00000, 0x0000000088a00000| Complete 
| 111|0x0000000088b00000, 0x0000000088c00000, 0x0000000088c00000|100%| E|CS|TAMS 0x0000000088b00000, 0x0000000088b00000| Complete 
| 112|0x0000000088c00000, 0x0000000088d00000, 0x0000000088d00000|100%| E|CS|TAMS 0x0000000088c00000, 0x0000000088c00000| Complete 
| 113|0x0000000088d00000, 0x0000000088e00000, 0x0000000088e00000|100%| E|CS|TAMS 0x0000000088d00000, 0x0000000088d00000| Complete 
| 114|0x0000000088e00000, 0x0000000088f00000, 0x0000000088f00000|100%| E|CS|TAMS 0x0000000088e00000, 0x0000000088e00000| Complete 
| 115|0x0000000088f00000, 0x0000000089000000, 0x0000000089000000|100%| E|CS|TAMS 0x0000000088f00000, 0x0000000088f00000| Complete 
| 116|0x0000000089000000, 0x0000000089100000, 0x0000000089100000|100%| E|CS|TAMS 0x0000000089000000, 0x0000000089000000| Complete 
| 117|0x0000000089100000, 0x0000000089200000, 0x0000000089200000|100%| E|CS|TAMS 0x0000000089100000, 0x0000000089100000| Complete 
| 118|0x0000000089200000, 0x0000000089300000, 0x0000000089300000|100%| E|CS|TAMS 0x0000000089200000, 0x0000000089200000| Complete 
| 119|0x0000000089300000, 0x0000000089400000, 0x0000000089400000|100%| E|CS|TAMS 0x0000000089300000, 0x0000000089300000| Complete 
| 120|0x0000000089400000, 0x0000000089500000, 0x0000000089500000|100%| E|CS|TAMS 0x0000000089400000, 0x0000000089400000| Complete 
| 121|0x0000000089500000, 0x0000000089600000, 0x0000000089600000|100%| E|CS|TAMS 0x0000000089500000, 0x0000000089500000| Complete 
| 122|0x0000000089600000, 0x0000000089700000, 0x0000000089700000|100%| E|CS|TAMS 0x0000000089600000, 0x0000000089600000| Complete 
| 123|0x0000000089700000, 0x0000000089800000, 0x0000000089800000|100%| E|CS|TAMS 0x0000000089700000, 0x0000000089700000| Complete 
| 124|0x0000000089800000, 0x0000000089900000, 0x0000000089900000|100%| E|CS|TAMS 0x0000000089800000, 0x0000000089800000| Complete 
| 125|0x0000000089900000, 0x0000000089a00000, 0x0000000089a00000|100%| E|CS|TAMS 0x0000000089900000, 0x0000000089900000| Complete 
| 126|0x0000000089a00000, 0x0000000089b00000, 0x0000000089b00000|100%| E|CS|TAMS 0x0000000089a00000, 0x0000000089a00000| Complete 
| 127|0x0000000089b00000, 0x0000000089c00000, 0x0000000089c00000|100%| E|CS|TAMS 0x0000000089b00000, 0x0000000089b00000| Complete 

Card table byte_map: [0x0000019f462c0000,0x0000019f466c0000] _byte_map_base: 0x0000019f45eb2000

Marking Bits (Prev, Next): (CMBitMap*) 0x0000019f2e89b818, (CMBitMap*) 0x0000019f2e89b850
 Prev Bits: [0x0000019f46ac0000, 0x0000019f48a50000)
 Next Bits: [0x0000019f48a50000, 0x0000019f4a9e0000)

Polling page: 0x0000019f2c7d0000

Metaspace:

Usage:
  Non-class:     35.87 MB capacity,    35.10 MB ( 98%) used,   645.46 KB (  2%) free+waste,   143.13 KB ( <1%) overhead. 
      Class:      5.40 MB capacity,     4.90 MB ( 91%) used,   450.37 KB (  8%) free+waste,    69.13 KB (  1%) overhead. 
       Both:     41.27 MB capacity,    39.99 MB ( 97%) used,     1.07 MB (  3%) free+waste,   212.25 KB ( <1%) overhead. 

Virtual space:
  Non-class space:       36.00 MB reserved,      35.92 MB (>99%) committed 
      Class space:        1.00 GB reserved,       5.50 MB ( <1%) committed 
             Both:        1.04 GB reserved,      41.42 MB (  4%) committed 

Chunk freelists:
   Non-Class:  6.75 KB
       Class:  512 bytes
        Both:  7.25 KB

CodeHeap 'non-profiled nmethods': size=238336Kb used=6516Kb max_used=6516Kb free=231819Kb
 bounds [0x0000019f372d0000, 0x0000019f37930000, 0x0000019f45b90000]
CodeHeap 'non-nmethods': size=7424Kb used=1263Kb max_used=2951Kb free=6160Kb
 bounds [0x0000019f36b90000, 0x0000019f36e80000, 0x0000019f372d0000]
 total_blobs=4341 nmethods=3782 adapters=455
 compilation: enabled
              stopped_count=0, restarted_count=0
 full_count=0

Compilation events (10 events):
Event: 137.650 Thread 0x0000019f4ddab800 3796       1       org.sqlite.SQLiteJDBCLoader::contentsEquals (78 bytes)
Event: 137.650 Thread 0x0000019f4ddab800 nmethod 3796 0x0000019f37926010 code [0x0000019f37926220, 0x0000019f37926600]
Event: 137.664 Thread 0x0000019f4ddab800 3797   !   1       java.io.WinNTFileSystem::resolve (362 bytes)
Event: 137.668 Thread 0x0000019f4ddab800 nmethod 3797 0x0000019f37926810 code [0x0000019f37926de0, 0x0000019f37928ad0]
Event: 137.668 Thread 0x0000019f4ddab800 3798       1       java.io.WinNTFileSystem::parentOrNull (171 bytes)
Event: 137.669 Thread 0x0000019f4ddab800 nmethod 3798 0x0000019f37929c90 code [0x0000019f37929f00, 0x0000019f3792a6d0]
Event: 137.681 Thread 0x0000019f4ddab800 3799       1       java.util.regex.Pattern::closure (365 bytes)
Event: 137.682 Thread 0x0000019f4ddab800 nmethod 3799 0x0000019f3792ac90 code [0x0000019f3792b000, 0x0000019f3792c610]
Event: 137.682 Thread 0x0000019f4ddab800 3800       1       java.lang.invoke.StringConcatFactory$Recipe::getElements (5 bytes)
Event: 137.682 Thread 0x0000019f4ddab800 nmethod 3800 0x0000019f3792d010 code [0x0000019f3792d1c0, 0x0000019f3792d2d8]

GC Heap History (8 events):
Event: 1.453 GC heap before
{Heap before GC invocations=0 (full 0):
 garbage-first heap   total 131072K, used 23552K [0x0000000081c00000, 0x0000000100000000)
  region size 1024K, 24 young (24576K), 0 survivors (0K)
 Metaspace       used 12598K, capacity 12887K, committed 12928K, reserved 1060864K
  class space    used 1299K, capacity 1401K, committed 1408K, reserved 1048576K
}
Event: 1.457 GC heap after
{Heap after GC invocations=1 (full 0):
 garbage-first heap   total 131072K, used 4151K [0x0000000081c00000, 0x0000000100000000)
  region size 1024K, 3 young (3072K), 3 survivors (3072K)
 Metaspace       used 12598K, capacity 12887K, committed 12928K, reserved 1060864K
  class space    used 1299K, capacity 1401K, committed 1408K, reserved 1048576K
}
Event: 2.068 GC heap before
{Heap before GC invocations=1 (full 0):
 garbage-first heap   total 131072K, used 72759K [0x0000000081c00000, 0x0000000100000000)
  region size 1024K, 72 young (73728K), 3 survivors (3072K)
 Metaspace       used 20669K, capacity 21159K, committed 21296K, reserved 1069056K
  class space    used 2450K, capacity 2652K, committed 2688K, reserved 1048576K
}
Event: 2.076 GC heap after
{Heap after GC invocations=2 (full 0):
 garbage-first heap   total 131072K, used 6932K [0x0000000081c00000, 0x0000000100000000)
  region size 1024K, 6 young (6144K), 6 survivors (6144K)
 Metaspace       used 20669K, capacity 21159K, committed 21296K, reserved 1069056K
  class space    used 2450K, capacity 2652K, committed 2688K, reserved 1048576K
}
Event: 2.574 GC heap before
{Heap before GC invocations=3 (full 0):
 garbage-first heap   total 131072K, used 75540K [0x0000000081c00000, 0x0000000100000000)
  region size 1024K, 74 young (75776K), 6 survivors (6144K)
 Metaspace       used 27406K, capacity 28290K, committed 28464K, reserved 1075200K
  class space    used 3345K, capacity 3680K, committed 3712K, reserved 1048576K
}
Event: 2.585 GC heap after
{Heap after GC invocations=4 (full 0):
 garbage-first heap   total 131072K, used 9050K [0x0000000081c00000, 0x0000000100000000)
  region size 1024K, 5 young (5120K), 5 survivors (5120K)
 Metaspace       used 27406K, capacity 28290K, committed 28464K, reserved 1075200K
  class space    used 3345K, capacity 3680K, committed 3712K, reserved 1048576K
}
Event: 3.300 GC heap before
{Heap before GC invocations=4 (full 0):
 garbage-first heap   total 131072K, used 68442K [0x0000000081c00000, 0x0000000100000000)
  region size 1024K, 64 young (65536K), 5 survivors (5120K)
 Metaspace       used 34739K, capacity 35783K, committed 35888K, reserved 1081344K
  class space    used 4240K, capacity 4657K, committed 4736K, reserved 1048576K
}
Event: 3.311 GC heap after
{Heap after GC invocations=5 (full 0):
 garbage-first heap   total 131072K, used 11662K [0x0000000081c00000, 0x0000000100000000)
  region size 1024K, 8 young (8192K), 8 survivors (8192K)
 Metaspace       used 34739K, capacity 35783K, committed 35888K, reserved 1081344K
  class space    used 4240K, capacity 4657K, committed 4736K, reserved 1048576K
}

Deoptimization events (0 events):
No events

Classes redefined (0 events):
No events

Internal exceptions (10 events):
Event: 3.530 Thread 0x0000019f2e85a000 Exception <a 'java/lang/ClassNotFoundException'{0x00000000891bf098}: org/springframework/beans/factory/AwareCustomizer> (0x00000000891bf098) thrown at [t:/workspace/open/src/hotspot/share/classfile/systemDictionary.cpp, line 231]
Event: 3.531 Thread 0x0000019f2e85a000 Exception <a 'java/lang/ClassNotFoundException'{0x00000000891cbbd0}: org/springframework/web/context/ServletContextAwareCustomizer> (0x00000000891cbbd0) thrown at [t:/workspace/open/src/hotspot/share/classfile/systemDictionary.cpp, line 231]
Event: 3.531 Thread 0x0000019f2e85a000 Exception <a 'java/lang/ClassNotFoundException'{0x00000000891d89a8}: org/springframework/beans/factory/AwareCustomizer> (0x00000000891d89a8) thrown at [t:/workspace/open/src/hotspot/share/classfile/systemDictionary.cpp, line 231]
Event: 3.539 Thread 0x0000019f2e85a000 Exception <a 'java/lang/NoSuchMethodError'{0x00000000890412d8}: java.lang.invoke.DirectMethodHandle$Holder.invokeVirtual(Ljava/lang/Object;Ljava/lang/Object;Ljava/lang/Object;Ljava/lang/Object;)V> (0x00000000890412d8) thrown at [t:/workspace/open/src/hots
Event: 3.612 Thread 0x0000019f2e85a000 Exception <a 'java/lang/NoSuchMethodError'{0x0000000088a562a8}: java.lang.invoke.DirectMethodHandle$Holder.invokeVirtual(Ljava/lang/Object;Ljava/lang/Object;I)V> (0x0000000088a562a8) thrown at [t:/workspace/open/src/hotspot/share/interpreter/linkResolver.
Event: 3.691 Thread 0x0000019f2e85a000 Exception <a 'java/lang/NoSuchMethodError'{0x00000000884b6820}: java.lang.invoke.DirectMethodHandle$Holder.invokeInterface(Ljava/lang/Object;Ljava/lang/Object;Ljava/lang/Object;)Ljava/lang/Object;> (0x00000000884b6820) thrown at [t:/workspace/open/src/hot
Event: 3.692 Thread 0x0000019f2e85a000 Exception <a 'java/lang/IncompatibleClassChangeError'{0x00000000884b97a8}: Found class java.lang.Object, but interface was expected> (0x00000000884b97a8) thrown at [t:/workspace/open/src/hotspot/share/interpreter/linkResolver.cpp, line 838]
Event: 3.705 Thread 0x0000019f4f894000 Exception <a 'java/lang/reflect/InvocationTargetException'{0x000000008838fa40}> (0x000000008838fa40) thrown at [t:/workspace/open/src/hotspot/share/runtime/reflection.cpp, line 1242]
Event: 3.719 Thread 0x0000019f2e85a000 Exception <a 'java/lang/NoSuchMethodError'{0x0000000088279e48}: java.lang.invoke.DirectMethodHandle$Holder.invokeStaticInit(Ljava/lang/Object;Ljava/lang/Object;Ljava/lang/Object;Ljava/lang/Object;)I> (0x0000000088279e48) thrown at [t:/workspace/open/src/h
Event: 137.589 Thread 0x0000019f50168800 Exception <a 'java/lang/NoSuchMethodError'{0x00000000871b7da0}: org.slf4j.impl.StaticMarkerBinder.getSingleton()Lorg/slf4j/impl/StaticMarkerBinder;> (0x00000000871b7da0) thrown at [t:/workspace/open/src/hotspot/share/interpreter/linkResolver.cpp, line 772

Events (10 events):
Event: 137.680 loading class org/sqlite/core/CoreResultSet
Event: 137.680 loading class org/sqlite/core/CoreResultSet done
Event: 137.681 loading class org/sqlite/jdbc4/JDBC4PreparedStatement
Event: 137.681 loading class org/sqlite/jdbc4/JDBC4PreparedStatement done
Event: 137.682 loading class org/sqlite/jdbc3/JDBC3PreparedStatement
Event: 137.682 loading class org/sqlite/jdbc3/JDBC3PreparedStatement done
Event: 137.682 loading class org/sqlite/core/CorePreparedStatement
Event: 137.682 loading class org/sqlite/core/CorePreparedStatement done
Event: 137.683 Executing VM operation: RevokeBias
Event: 137.684 Executing VM operation: RevokeBias done


Dynamic libraries:
0x00007ff7f21f0000 - 0x00007ff7f2237000 	C:\Program Files\Java\jdk-11.0.4\bin\java.exe
0x00007fff4e6a0000 - 0x00007fff4e890000 	C:\Windows\SYSTEM32\ntdll.dll
0x00007fff4c7d0000 - 0x00007fff4c882000 	C:\Windows\System32\KERNEL32.DLL
0x00007fff4b6e0000 - 0x00007fff4b983000 	C:\Windows\System32\KERNELBASE.dll
0x00007fff4d4d0000 - 0x00007fff4d573000 	C:\Windows\System32\ADVAPI32.dll
0x00007fff4d740000 - 0x00007fff4d7de000 	C:\Windows\System32\msvcrt.dll
0x00007fff4dd70000 - 0x00007fff4de07000 	C:\Windows\System32\sechost.dll
0x00007fff4d5b0000 - 0x00007fff4d6d0000 	C:\Windows\System32\RPCRT4.dll
0x00007fff4d990000 - 0x00007fff4db24000 	C:\Windows\System32\USER32.dll
0x00007fff4c280000 - 0x00007fff4c2a1000 	C:\Windows\System32\win32u.dll
0x00007fff4dba0000 - 0x00007fff4dbc6000 	C:\Windows\System32\GDI32.dll
0x00007fff4c5b0000 - 0x00007fff4c744000 	C:\Windows\System32\gdi32full.dll
0x00007fff4c130000 - 0x00007fff4c1ce000 	C:\Windows\System32\msvcp_win.dll
0x00007fff4c310000 - 0x00007fff4c40a000 	C:\Windows\System32\ucrtbase.dll
0x00007fff344e0000 - 0x00007fff34765000 	C:\Windows\WinSxS\amd64_microsoft.windows.common-controls_6595b64144ccf1df_6.0.18362.778_none_e6c6b761130d4fb8\COMCTL32.dll
0x00007fff46390000 - 0x00007fff4639a000 	C:\Windows\SYSTEM32\VERSION.dll
0x00007fff4d180000 - 0x00007fff4d4b6000 	C:\Windows\System32\combase.dll
0x00007fff4b630000 - 0x00007fff4b6b0000 	C:\Windows\System32\bcryptPrimitives.dll
0x00007fff4e630000 - 0x00007fff4e65e000 	C:\Windows\System32\IMM32.DLL
0x00007fff47a70000 - 0x00007fff47a86000 	C:\Program Files\Java\jdk-11.0.4\bin\vcruntime140.dll
0x00007fff2b8b0000 - 0x00007fff2b95a000 	C:\Program Files\Java\jdk-11.0.4\bin\msvcp140.dll
0x00007fff01250000 - 0x00007fff01d77000 	C:\Program Files\Java\jdk-11.0.4\bin\server\jvm.dll
0x00007fff4d6d0000 - 0x00007fff4d6d8000 	C:\Windows\System32\PSAPI.DLL
0x00007fff45c50000 - 0x00007fff45c59000 	C:\Windows\SYSTEM32\WSOCK32.dll
0x00007fff42bf0000 - 0x00007fff42c14000 	C:\Windows\SYSTEM32\WINMM.dll
0x00007fff4db30000 - 0x00007fff4db9f000 	C:\Windows\System32\WS2_32.dll
0x00007fff429a0000 - 0x00007fff429cd000 	C:\Windows\SYSTEM32\winmmbase.dll
0x00007fff4c410000 - 0x00007fff4c45a000 	C:\Windows\System32\cfgmgr32.dll
0x00007fff4b5a0000 - 0x00007fff4b5b1000 	C:\Windows\System32\kernel.appcore.dll
0x00007fff47890000 - 0x00007fff478a1000 	C:\Program Files\Java\jdk-11.0.4\bin\verify.dll
0x00007fff45220000 - 0x00007fff45414000 	C:\Windows\SYSTEM32\DBGHELP.DLL
0x00007fff44e00000 - 0x00007fff44e2a000 	C:\Windows\SYSTEM32\dbgcore.DLL
0x00007fff2bc10000 - 0x00007fff2bc39000 	C:\Program Files\Java\jdk-11.0.4\bin\java.dll
0x00007fff2ba30000 - 0x00007fff2ba67000 	C:\Program Files\Java\jdk-11.0.4\bin\jdwp.dll
0x00007fff15fa0000 - 0x00007fff15fcf000 	C:\Program Files\Java\jdk-11.0.4\bin\instrument.dll
0x00007fff30770000 - 0x00007fff30786000 	C:\Program Files\Java\jdk-11.0.4\bin\zip.dll
0x00007fff47aa0000 - 0x00007fff47aaa000 	C:\Program Files\Java\jdk-11.0.4\bin\jimage.dll
0x00007fff4c960000 - 0x00007fff4d045000 	C:\Windows\System32\SHELL32.dll
0x00007fff4e580000 - 0x00007fff4e629000 	C:\Windows\System32\shcore.dll
0x00007fff4b9b0000 - 0x00007fff4c130000 	C:\Windows\System32\windows.storage.dll
0x00007fff4b570000 - 0x00007fff4b593000 	C:\Windows\System32\profapi.dll
0x00007fff4b5c0000 - 0x00007fff4b60a000 	C:\Windows\System32\powrprof.dll
0x00007fff4b560000 - 0x00007fff4b570000 	C:\Windows\System32\UMPDC.dll
0x00007fff4d050000 - 0x00007fff4d0a2000 	C:\Windows\System32\shlwapi.dll
0x00007fff4b990000 - 0x00007fff4b9a7000 	C:\Windows\System32\cryptsp.dll
0x00007fff407a0000 - 0x00007fff407aa000 	C:\Program Files\Java\jdk-11.0.4\bin\dt_socket.dll
0x00007fff4add0000 - 0x00007fff4ae37000 	C:\Windows\system32\mswsock.dll
0x00007fff2bbf0000 - 0x00007fff2bc09000 	C:\Program Files\Java\jdk-11.0.4\bin\net.dll
0x00007fff3fa10000 - 0x00007fff3fbe5000 	C:\Windows\SYSTEM32\urlmon.dll
0x00007fff428b0000 - 0x00007fff429a0000 	C:\Windows\SYSTEM32\WINHTTP.dll
0x00007fff3f0f0000 - 0x00007fff3f396000 	C:\Windows\SYSTEM32\iertutil.dll
0x00007fff4afa0000 - 0x00007fff4afac000 	C:\Windows\SYSTEM32\CRYPTBASE.DLL
0x00007fff2bbd0000 - 0x00007fff2bbe3000 	C:\Program Files\Java\jdk-11.0.4\bin\nio.dll
0x00007fff4ab20000 - 0x00007fff4abea000 	C:\Windows\SYSTEM32\DNSAPI.dll
0x00007fff4d4c0000 - 0x00007fff4d4c8000 	C:\Windows\System32\NSI.dll
0x00007fff4aae0000 - 0x00007fff4ab1a000 	C:\Windows\SYSTEM32\IPHLPAPI.DLL
0x00007fff42750000 - 0x00007fff4275a000 	C:\Windows\System32\rasadhlp.dll
0x00007fff44c20000 - 0x00007fff44c97000 	C:\Windows\System32\fwpuclnt.dll
0x00007fff4b6b0000 - 0x00007fff4b6d6000 	C:\Windows\System32\bcrypt.dll
0x00007fff479b0000 - 0x00007fff479b9000 	C:\Program Files\Java\jdk-11.0.4\bin\management.dll
0x00007fff479a0000 - 0x00007fff479ac000 	C:\Program Files\Java\jdk-11.0.4\bin\management_ext.dll
0x00007fff4a940000 - 0x00007fff4a973000 	C:\Windows\system32\rsaenh.dll
0x00007fff4b480000 - 0x00007fff4b4a5000 	C:\Windows\SYSTEM32\USERENV.dll
0x00007fff44eb0000 - 0x00007fff44ec6000 	C:\Windows\SYSTEM32\dhcpcsvc6.DLL
0x00007fff45d30000 - 0x00007fff45d4c000 	C:\Windows\SYSTEM32\dhcpcsvc.DLL
0x00007fff25550000 - 0x00007fff25566000 	C:\Windows\system32\napinsp.dll
0x00007fff25250000 - 0x00007fff2526a000 	C:\Windows\system32\pnrpnsp.dll
0x00007fff427d0000 - 0x00007fff427de000 	C:\Windows\System32\winrnr.dll
0x00007fff46da0000 - 0x00007fff46dbc000 	C:\Windows\system32\NLAapi.dll
0x00007fff1b070000 - 0x00007fff1b085000 	C:\Windows\system32\wshbth.dll
0x000000006cd80000 - 0x000000006ce70000 	C:\Users\Delia Csiki\AppData\Local\Temp\sqlite-3.16.1-821d7c8f-cf61-4b50-be89-4d31abbfe7e3-sqlitejdbc.dll
0x00000000004f0000 - 0x00000000005e0000 	C:\Users\Delia Csiki\AppData\Local\Temp\sqlite-3.16.1-fb2904e6-dd70-4709-a62e-e0fbe23aa43e-sqlitejdbc.dll

dbghelp: loaded successfully - version: 4.0.5 - missing functions: none
symbol engine: initialized successfully - sym options: 0x614 - pdb path: .;C:\Program Files\Java\jdk-11.0.4\bin;C:\Windows\SYSTEM32;C:\Windows\WinSxS\amd64_microsoft.windows.common-controls_6595b64144ccf1df_6.0.18362.778_none_e6c6b761130d4fb8;C:\Program Files\Java\jdk-11.0.4\bin\server;C:\Users\Delia Csiki\AppData\Local\Temp

VM Arguments:
jvm_args: -agentlib:jdwp=transport=dt_socket,address=127.0.0.1:60229,suspend=y,server=n -XX:TieredStopAtLevel=1 -Xverify:none -Dspring.output.ansi.enabled=always -Dcom.sun.management.jmxremote -Dspring.jmx.enabled=true -Dspring.liveBeansView.mbeanDomain -Dspring.application.admin.enabled=true -javaagent:C:\Users\DELIAC~1\AppData\Local\Temp\groovyHotSwapjars\gragent.jar -javaagent:C:\Users\DELIAC~1\AppData\Local\Temp\captureAgentjars\debugger-agent.jar -Dfile.encoding=UTF-8 
java_command: startup.Main
java_class_path (initial): D:\utils\faculta\sem4\MPP\Laborator\Tema7 - REST\LAB_MPP_j\rest-controller\build\classes\java\main;D:\utils\faculta\sem4\MPP\Laborator\Tema7 - REST\LAB_MPP_j\rest-controller\build\resources\main;D:\utils\faculta\sem4\MPP\Laborator\Tema7 - REST\LAB_MPP_j\repository\build\classes\java\main;D:\utils\faculta\sem4\MPP\Laborator\Tema7 - REST\LAB_MPP_j\model\build\classes\java\main;C:\Users\Delia Csiki\.gradle\caches\modules-2\files-2.1\org.springframework.boot\spring-boot-starter-web\2.2.6.RELEASE\4f76853c40cd6c7a0214083b36cd8cfe7c5d7b48\spring-boot-starter-web-2.2.6.RELEASE.jar;D:\utils\faculta\sem4\MPP\Laborator\Tema7 - REST\LAB_MPP_j\utils\build\classes\java\main;C:\Users\Delia Csiki\.gradle\caches\modules-2\files-2.1\commons-logging\commons-logging\1.2\4bfc12adfe4842bf07b657f0369c4cb522955686\commons-logging-1.2.jar;C:\Users\Delia Csiki\.gradle\caches\modules-2\files-2.1\org.apache.logging.log4j\log4j-core\2.13.1\533f6ae0bb0ce091493f2eeab0c1df4327e46ef1\log4j-core-2.13.1.jar;C:\Users\Delia Csiki\.gradle\caches\modules-2\files-2.1\org.springframework.boot\spring-boot-starter-json\2.2.6.RELEASE\2bc2b2f052c0aa659a55d29365c9da5bae0cfa74\spring-boot-starter-json-2.2.6.RELEASE.jar;C:\Users\Delia Csiki\.gradle\caches\modules-2\files-2.1\org.springframework.boot\spring-boot-starter-validation\2.2.6.RELEASE\bd3ab3b7992cf594e09f3197f7934138dfe58a8d\spring-boot-starter-validation-2.2.6.RELEASE.jar;C:\Users\Delia Csiki\.gradle\caches\modules-2\files-2.1\org.springframework.boot\spring-boot-starter\2.2.6.RELEASE\1a3ef4528148ec17de12a60e2c267b0340234834\spring-boot-starter-2.2.6.RELEASE.jar;C:\Users\Delia Csiki\.gradle\caches\modules-2\files-2.1\org.springframework.boot\spring-boot-starter-logging\2.2.6.RELEASE\4261ce78034c8530bf319046c05b0b7943f80b9c\spring-boot-starter-logging-2.2.6.RELEASE.jar;C:\Users\Delia Csiki\.gradle\caches\modules-2\files-2.1\org.apache.logging.log4j\log4j-to-slf4j\2.12.1\dfb42ea8ce1a399bcf7218efe8115a0b7ab3788a\log4j-to-slf4j-
Launcher Type: SUN_STANDARD

[Global flags]
     bool BytecodeVerificationLocal                = false                                     {product} {command line}
     bool BytecodeVerificationRemote               = false                                     {product} {command line}
     intx CICompilerCount                          = 4                                         {product} {ergonomic}
     uint ConcGCThreads                            = 2                                         {product} {ergonomic}
     uint G1ConcRefinementThreads                  = 8                                         {product} {ergonomic}
   size_t G1HeapRegionSize                         = 1048576                                   {product} {ergonomic}
    uintx GCDrainStackTargetSize                   = 64                                        {product} {ergonomic}
   size_t InitialHeapSize                          = 134217728                                 {product} {ergonomic}
     bool ManagementServer                         = true                                      {product} {command line}
   size_t MarkStackSize                            = 4194304                                   {product} {ergonomic}
   size_t MaxHeapSize                              = 2118123520                                {product} {ergonomic}
   size_t MaxNewSize                               = 1270874112                                {product} {ergonomic}
   size_t MinHeapDeltaBytes                        = 1048576                                   {product} {ergonomic}
    uintx NonNMethodCodeHeapSize                   = 7549744                                {pd product} {ergonomic}
    uintx NonProfiledCodeHeapSize                  = 244108496                              {pd product} {ergonomic}
    uintx ProfiledCodeHeapSize                     = 0                                      {pd product} {ergonomic}
    uintx ReservedCodeCacheSize                    = 251658240                              {pd product} {ergonomic}
     bool SegmentedCodeCache                       = true                                      {product} {ergonomic}
     intx TieredStopAtLevel                        = 1                                         {product} {command line}
     bool UseCompressedClassPointers               = true                                 {lp64_product} {ergonomic}
     bool UseCompressedOops                        = true                                 {lp64_product} {ergonomic}
     bool UseG1GC                                  = true                                      {product} {ergonomic}
     bool UseLargePagesIndividualAllocation        = false                                  {pd product} {ergonomic}

Logging:
Log output configuration:
 #0: stdout all=warning uptime,level,tags
 #1: stderr all=off uptime,level,tags

Environment Variables:
PATH=C:\Program Files (x86)\Common Files\Oracle\Java\javapath;C:\Program Files (x86)\Python37-32\Scripts\;C:\Program Files (x86)\Python37-32\;C:\Windows\system32;C:\Windows;C:\Windows\System32\Wbem;C:\Windows\System32\WindowsPowerShell\v1.0\;C:\Windows\System32\OpenSSH\;C:\Program Files (x86)\NVIDIA Corporation\PhysX\Common;C:\Program Files\PuTTY\;C:\Program Files\Microsoft SQL Server\Client SDK\ODBC\130\Tools\Binn\;C:\Program Files (x86)\Microsoft SQL Server\140\Tools\Binn\;C:\Program Files\Microsoft SQL Server\140\Tools\Binn\;C:\Program Files\Microsoft SQL Server\140\DTS\Binn\;C:\Program Files (x86)\Microsoft SQL Server\150\DTS\Binn\;C:\Program Files\dotnet\;C:\Program Files\Git\cmd;C:\Program Files\nodejs\;C:\Program Files\Microsoft VS Code\bin;C:\Program Files\NVIDIA Corporation\NVIDIA NvDLISR;C:\Program Files\Microsoft SQL Server\130\Tools\Binn\;C:\Program Files\Microsoft SQL Server\Client SDK\ODBC\170\Tools\Binn\;C:\Users\Delia Csiki\AppData\Local\Microsoft\WindowsApps;C:\Program Files\JetBrains\PyCharm Community Edition 2019.2.3\bin;C:\Users\Delia Csiki\AppData\Local\GitHubDesktop\bin;C:\Users\Delia Csiki\AppData\Roaming\npm
USERNAME=Delia Csiki
OS=Windows_NT
PROCESSOR_IDENTIFIER=Intel64 Family 6 Model 158 Stepping 9, GenuineIntel



---------------  S Y S T E M  ---------------

OS: Windows 10 , 64 bit Build 18362 (10.0.18362.778)

CPU:total 8 (initial active 8) (4 cores per cpu, 2 threads per core) family 6 model 158 stepping 9, cmov, cx8, fxsr, mmx, sse, sse2, sse3, ssse3, sse4.1, sse4.2, popcnt, avx, avx2, aes, clmul, erms, 3dnowpref, lzcnt, ht, tsc, tscinvbit, bmi1, bmi2, adx, fma

Memory: 4k page, system-wide physical 8076M (971M free)
TotalPageFile size 20876M (AvailPageFile size 8245M)
current process WorkingSet (physical memory assigned to process): 179M, peak: 179M
current process commit charge ("private bytes"): 266M, peak: 266M

vm_info: Java HotSpot(TM) 64-Bit Server VM (11.0.4+10-LTS) for windows-amd64 JRE (11.0.4+10-LTS), built on Jul  4 2019 16:28:13 by "mach5one" with MS VC++ 15.5 (VS2017)

END.
